[00:10:04] [main/INFO]: LiteLoader 1.7.10_03 starting up...
[00:10:04] [main/INFO]: Java reports OS="linux"
[00:10:04] [main/INFO]: Enumerating class path...
[00:10:04] [main/INFO]: Class path separator=":"
[00:10:04] [main/INFO]: Class path entries=(
   classpathEntry=/usr/share/jars/NewLaunch.jar
   classpathEntry=/home/quentin/.local/share/PolyMC/libraries/net/java/jinput/jinput/2.0.5/jinput-2.0.5.jar
   classpathEntry=/home/quentin/.local/share/PolyMC/libraries/net/java/jutils/jutils/1.0.0/jutils-1.0.0.jar
   classpathEntry=/home/quentin/.local/share/PolyMC/libraries/org/lwjgl/lwjgl/lwjgl/2.9.4-nightly-20150209/lwjgl-2.9.4-nightly-20150209.jar
   classpathEntry=/home/quentin/.local/share/PolyMC/libraries/org/lwjgl/lwjgl/lwjgl_util/2.9.4-nightly-20150209/lwjgl_util-2.9.4-nightly-20150209.jar
   classpathEntry=/home/quentin/.local/share/PolyMC/libraries/com/mojang/netty/1.8.8/netty-1.8.8.jar
   classpathEntry=/home/quentin/.local/share/PolyMC/libraries/com/mojang/realms/1.3.5/realms-1.3.5.jar
   classpathEntry=/home/quentin/.local/share/PolyMC/libraries/org/apache/commons/commons-compress/1.8.1/commons-compress-1.8.1.jar
   classpathEntry=/home/quentin/.local/share/PolyMC/libraries/org/apache/httpcomponents/httpclient/4.3.3/httpclient-4.3.3.jar
   classpathEntry=/home/quentin/.local/share/PolyMC/libraries/commons-logging/commons-logging/1.1.3/commons-logging-1.1.3.jar
   classpathEntry=/home/quentin/.local/share/PolyMC/libraries/org/apache/httpcomponents/httpcore/4.3.2/httpcore-4.3.2.jar
   classpathEntry=/home/quentin/.local/share/PolyMC/libraries/java3d/vecmath/1.3.1/vecmath-1.3.1.jar
   classpathEntry=/home/quentin/.local/share/PolyMC/libraries/net/sf/trove4j/trove4j/3.0.3/trove4j-3.0.3.jar
   classpathEntry=/home/quentin/.local/share/PolyMC/libraries/com/ibm/icu/icu4j-core-mojang/51.2/icu4j-core-mojang-51.2.jar
   classpathEntry=/home/quentin/.local/share/PolyMC/libraries/net/sf/jopt-simple/jopt-simple/4.5/jopt-simple-4.5.jar
   classpathEntry=/home/quentin/.local/share/PolyMC/libraries/com/paulscode/codecjorbis/20101023/codecjorbis-20101023.jar
   classpathEntry=/home/quentin/.local/share/PolyMC/libraries/com/paulscode/codecwav/20101023/codecwav-20101023.jar
   classpathEntry=/home/quentin/.local/share/PolyMC/libraries/com/paulscode/libraryjavasound/20101123/libraryjavasound-20101123.jar
   classpathEntry=/home/quentin/.local/share/PolyMC/libraries/com/paulscode/librarylwjglopenal/20100824/librarylwjglopenal-20100824.jar
   classpathEntry=/home/quentin/.local/share/PolyMC/libraries/com/paulscode/soundsystem/20120107/soundsystem-20120107.jar
   classpathEntry=/home/quentin/.local/share/PolyMC/libraries/io/netty/netty-all/4.0.10.Final/netty-all-4.0.10.Final.jar
   classpathEntry=/home/quentin/.local/share/PolyMC/libraries/com/google/guava/guava/16.0/guava-16.0.jar
   classpathEntry=/home/quentin/.local/share/PolyMC/libraries/org/apache/commons/commons-lang3/3.2.1/commons-lang3-3.2.1.jar
   classpathEntry=/home/quentin/.local/share/PolyMC/libraries/commons-io/commons-io/2.4/commons-io-2.4.jar
   classpathEntry=/home/quentin/.local/share/PolyMC/libraries/commons-codec/commons-codec/1.9/commons-codec-1.9.jar
   classpathEntry=/home/quentin/.local/share/PolyMC/libraries/com/google/code/gson/gson/2.2.4/gson-2.2.4.jar
   classpathEntry=/home/quentin/.local/share/PolyMC/libraries/com/mojang/authlib/1.5.21/authlib-1.5.21.jar
   classpathEntry=/home/quentin/.local/share/PolyMC/libraries/org/apache/logging/log4j/log4j-api/2.0-beta9-fixed/log4j-api-2.0-beta9-fixed.jar
   classpathEntry=/home/quentin/.local/share/PolyMC/libraries/org/apache/logging/log4j/log4j-core/2.0-beta9-fixed/log4j-core-2.0-beta9-fixed.jar
   classpathEntry=/home/quentin/.local/share/PolyMC/libraries/tv/twitch/twitch/5.16/twitch-5.16.jar
   classpathEntry=/home/quentin/.local/share/PolyMC/libraries/net/minecraftforge/forge/1.7.10-10.13.3.1384-1.7.10/forge-1.7.10-10.13.3.1384-1.7.10-universal.jar
   classpathEntry=/home/quentin/.local/share/PolyMC/libraries/net/minecraft/launchwrapper/1.11/launchwrapper-1.11.jar
   classpathEntry=/home/quentin/.local/share/PolyMC/libraries/org/ow2/asm/asm-all/5.0.3/asm-all-5.0.3.jar
   classpathEntry=/home/quentin/.local/share/PolyMC/libraries/com/typesafe/akka/akka-actor_2.11/2.3.3/akka-actor_2.11-2.3.3.jar
   classpathEntry=/home/quentin/.local/share/PolyMC/libraries/com/typesafe/config/1.2.1/config-1.2.1.jar
   classpathEntry=/home/quentin/.local/share/PolyMC/libraries/org/scala-lang/scala-actors-migration_2.11/1.1.0/scala-actors-migration_2.11-1.1.0.jar
   classpathEntry=/home/quentin/.local/share/PolyMC/libraries/org/scala-lang/scala-compiler/2.11.1/scala-compiler-2.11.1.jar
   classpathEntry=/home/quentin/.local/share/PolyMC/libraries/org/scala-lang/plugins/scala-continuations-library_2.11/1.0.2/scala-continuations-library_2.11-1.0.2.jar
   classpathEntry=/home/quentin/.local/share/PolyMC/libraries/org/scala-lang/plugins/scala-continuations-plugin_2.11.1/1.0.2/scala-continuations-plugin_2.11.1-1.0.2.jar
   classpathEntry=/home/quentin/.local/share/PolyMC/libraries/org/scala-lang/scala-library/2.11.1/scala-library-2.11.1.jar
   classpathEntry=/home/quentin/.local/share/PolyMC/libraries/org/scala-lang/scala-parser-combinators_2.11/1.0.1/scala-parser-combinators_2.11-1.0.1.jar
   classpathEntry=/home/quentin/.local/share/PolyMC/libraries/org/scala-lang/scala-reflect/2.11.1/scala-reflect-2.11.1.jar
   classpathEntry=/home/quentin/.local/share/PolyMC/libraries/org/scala-lang/scala-swing_2.11/1.0.1/scala-swing_2.11-1.0.1.jar
   classpathEntry=/home/quentin/.local/share/PolyMC/libraries/org/scala-lang/scala-xml_2.11/1.0.2/scala-xml_2.11-1.0.2.jar
   classpathEntry=/home/quentin/.local/share/PolyMC/libraries/lzma/lzma/0.0.1/lzma-0.0.1.jar
   classpathEntry=/home/quentin/.local/share/PolyMC/libraries/com/mojang/minecraft/1.7.10/minecraft-1.7.10-client.jar
)
[00:10:04] [main/INFO]: Registering discovery module EnumeratorModuleClassPath: [<Java Class Path>]
[00:10:04] [main/INFO]: Registering discovery module EnumeratorModuleFolder: [/home/quentin/.local/share/PolyMC/instances/Steve's Galaxy (Legacy)/.minecraft/mods]
[00:10:04] [main/INFO]: Registering discovery module EnumeratorModuleFolder: [/home/quentin/.local/share/PolyMC/instances/Steve's Galaxy (Legacy)/.minecraft/mods/1.7.10]
[00:10:04] [main/INFO]: Adding supported mod class prefix 'LiteMod'
[00:10:04] [main/INFO]: Discovering tweaks on class path...
[00:10:04] [main/INFO]: Discovering valid mod files in folder /home/quentin/.local/share/PolyMC/instances/Steve's Galaxy (Legacy)/.minecraft/mods
[00:10:04] [main/INFO]: Considering valid mod file: /home/quentin/.local/share/PolyMC/instances/Steve's Galaxy (Legacy)/.minecraft/mods/MouseTweaks-2.4.4-mc1.7.10-client.jar
[00:10:04] [main/INFO]: Considering valid mod file: /home/quentin/.local/share/PolyMC/instances/Steve's Galaxy (Legacy)/.minecraft/mods/voxelmap-em-1.5.15-client.litemod
[00:10:04] [main/INFO]: Considering valid mod file: /home/quentin/.local/share/PolyMC/instances/Steve's Galaxy (Legacy)/.minecraft/mods/mod_VoxelCam_1.3.2_mc1.7.10-client.litemod
[00:10:04] [main/INFO]: Considering valid mod file: /home/quentin/.local/share/PolyMC/instances/Steve's Galaxy (Legacy)/.minecraft/mods/lib_voxellib_2.3.1_mc1.7.10-client.litemod
[00:10:04] [main/INFO]: Adding newest valid mod file '/home/quentin/.local/share/PolyMC/instances/Steve's Galaxy (Legacy)/.minecraft/mods/mod_VoxelCam_1.3.2_mc1.7.10-client.litemod' at revision 32.0000
[00:10:04] [main/INFO]: Adding newest valid mod file '/home/quentin/.local/share/PolyMC/instances/Steve's Galaxy (Legacy)/.minecraft/mods/voxelmap-em-1.5.15-client.litemod' at revision 1515.0000
[00:10:04] [main/INFO]: Adding newest valid mod file '/home/quentin/.local/share/PolyMC/instances/Steve's Galaxy (Legacy)/.minecraft/mods/MouseTweaks-2.4.4-mc1.7.10-client.jar' at revision 184.0000
[00:10:04] [main/INFO]: Adding newest valid mod file '/home/quentin/.local/share/PolyMC/instances/Steve's Galaxy (Legacy)/.minecraft/mods/lib_voxellib_2.3.1_mc1.7.10-client.litemod' at revision 234.0000
[00:10:04] [main/INFO]: Discovering valid mod files in folder /home/quentin/.local/share/PolyMC/instances/Steve's Galaxy (Legacy)/.minecraft/mods/1.7.10
[00:10:04] [main/INFO]: Searching for tweaks in '[1.7.10]bspkrsCore-universal-6.16.jar'
[00:10:04] [main/WARN]: Error parsing manifest entries in '/home/quentin/.local/share/PolyMC/instances/Steve's Galaxy (Legacy)/.minecraft/mods/1.7.10/[1.7.10]bspkrsCore-universal-6.16.jar'
[00:10:04] [main/INFO]: Searching for tweaks in 'liteloader-1.7.10-client.jar'
[00:10:04] [main/WARN]: Error parsing manifest entries in '/home/quentin/.local/share/PolyMC/instances/Steve's Galaxy (Legacy)/.minecraft/mods/1.7.10/liteloader-1.7.10-client.jar'
[00:10:04] [main/INFO]: Searching for tweaks in 'slick-util-0.0b9db0b2.jar'
[00:10:04] [main/WARN]: Error parsing manifest entries in '/home/quentin/.local/share/PolyMC/instances/Steve's Galaxy (Legacy)/.minecraft/mods/1.7.10/slick-util-0.0b9db0b2.jar'
[00:10:04] [main/INFO]: Searching for tweaks in 'vorbis-java-core-0.8-20150201.161816-1.jar'
[00:10:04] [main/WARN]: Error parsing manifest entries in '/home/quentin/.local/share/PolyMC/instances/Steve's Galaxy (Legacy)/.minecraft/mods/1.7.10/vorbis-java-core-0.8-20150201.161816-1.jar'
[00:10:04] [main/INFO]: Searching for tweaks in 'CodeChickenLib-1.7.10-1.1.3.138-universal.jar'
[00:10:04] [main/WARN]: Error parsing manifest entries in '/home/quentin/.local/share/PolyMC/instances/Steve's Galaxy (Legacy)/.minecraft/mods/1.7.10/CodeChickenLib-1.7.10-1.1.3.138-universal.jar'
[00:10:04] [main/INFO]: Searching for tweaks in 'MrTJPCore-1.7.10-1.0.8.16-universal.jar'
[00:10:04] [main/WARN]: Error parsing manifest entries in '/home/quentin/.local/share/PolyMC/instances/Steve's Galaxy (Legacy)/.minecraft/mods/1.7.10/MrTJPCore-1.7.10-1.0.8.16-universal.jar'
[00:10:04] [main/INFO]: Searching for tweaks in 'ForgeMultipart-1.7.10-1.2.0.345-universal.jar'
[00:10:04] [main/WARN]: Error parsing manifest entries in '/home/quentin/.local/share/PolyMC/instances/Steve's Galaxy (Legacy)/.minecraft/mods/1.7.10/ForgeMultipart-1.7.10-1.2.0.345-universal.jar'
[00:10:04] [main/INFO]: Mod file 'mod_VoxelCam_1.3.2_mc1.7.10-client.litemod' provides classTransformer 'com.thatapplefreak.voxelcam.VoxelCamTransformer', adding to class loader
[00:10:04] [main/INFO]: classTransformer 'com.thatapplefreak.voxelcam.VoxelCamTransformer' was successfully added
[00:10:04] [main/INFO]: Mod file 'voxelmap-em-1.5.15-client.litemod' provides classTransformer 'com.thevoxelbox.voxelmap.litemod.VoxelMapTransformer', adding to class loader
[00:10:04] [main/INFO]: classTransformer 'com.thevoxelbox.voxelmap.litemod.VoxelMapTransformer' was successfully added
[00:10:04] [main/INFO]: Mod file 'lib_voxellib_2.3.1_mc1.7.10-client.litemod' provides classTransformer 'com.thevoxelbox.common.TimeUpdateTransformer', adding to class loader
[00:10:04] [main/INFO]: classTransformer 'com.thevoxelbox.common.TimeUpdateTransformer' was successfully added
[00:10:04] [main/INFO]: Mod file 'liteloader-1.7.10-client.jar' provides tweakClass 'com.mumfrey.liteloader.launch.LiteLoaderTweaker', adding to Launch queue with priority 1000
[00:10:04] [main/INFO]: LiteLoader PREINIT complete
[00:10:05] [main/INFO]: Injecting event prerenderfbo with 1 handlers in method func_71411_J in class net.minecraft.client.Minecraft
[00:10:05] [main/INFO]: Injecting event postrenderfbo with 1 handlers in method func_71411_J in class net.minecraft.client.Minecraft
[00:10:05] [main/INFO]: Injecting event shutdown with 1 handlers in method func_71400_g in class net.minecraft.client.Minecraft
[00:10:05] [main/INFO]: Injecting event updateframebuffersize with 1 handlers in method func_147119_ah in class net.minecraft.client.Minecraft
[00:10:05] [main/INFO]: Injecting method return callback for onStartupComplete in class net.minecraft.client.Minecraft
[00:10:05] [main/INFO]: Injecting profiler invokation callback for onTick in class net.minecraft.client.Minecraft
[00:10:05] [main/INFO]: Injecting profiler invokation callback for onTimerUpdate in class net.minecraft.client.Minecraft
[00:10:05] [main/INFO]: Injecting profiler invokation callback for onTick in class net.minecraft.client.Minecraft
[00:10:05] [main/INFO]: Injecting profiler invokation callback for onTick in class net.minecraft.client.Minecraft
[00:10:05] [main/INFO]: Injecting profiler invokation callback for onRender in class net.minecraft.client.Minecraft
[00:10:05] [main/INFO]: Injecting profiler invokation callback for onTick in class net.minecraft.client.Minecraft
[00:10:05] [main/INFO]: Injecting profiler invokation callback for onTick in class net.minecraft.client.Minecraft
[00:10:05] [main/INFO]: Injecting profiler invokation callback for onTick in class net.minecraft.client.Minecraft
[00:10:05] [main/INFO]: Injecting profiler invokation callback for onTick in class net.minecraft.client.Minecraft
[00:10:05] [main/INFO]: Injecting profiler invokation callback for onAnimateTick in class net.minecraft.client.Minecraft
[00:10:05] [main/INFO]: Applying overlay com.mumfrey.liteloader.client.overlays.MinecraftOverlay to net.minecraft.client.Minecraft
[00:10:05] [main/INFO]: MinecraftOverlayTransformer found INIT injection point, this is good.
[00:10:05] [main/INFO]: Injecting event sendchatmessage with 1 handlers in method func_71165_d in class net.minecraft.client.entity.EntityClientPlayerMP
[00:10:05] [main/INFO]: Injecting profiler invokation callback for postRenderChat in class net.minecraft.client.gui.GuiIngame
[00:10:05] [main/INFO]: Injecting profiler invokation callback for postRenderChat in class net.minecraft.client.gui.GuiIngame
[00:10:05] [main/INFO]: Injecting profiler invokation callback for postRenderChat in class net.minecraft.client.gui.GuiIngame
[00:10:05] [main/INFO]: Injecting profiler invokation callback for postRenderChat in class net.minecraft.client.gui.GuiIngame
[00:10:05] [main/INFO]: Injecting profiler invokation callback for postRenderChat in class net.minecraft.client.gui.GuiIngame
[00:10:05] [main/INFO]: Injecting profiler invokation callback for postRenderChat in class net.minecraft.client.gui.GuiIngame
[00:10:05] [main/INFO]: Injecting profiler invokation callback for onRenderChat in class net.minecraft.client.gui.GuiIngame
[00:10:05] [main/INFO]: Injecting profiler invokation callback for postRenderChat in class net.minecraft.client.gui.GuiIngame
[00:10:05] [main/INFO]: Injecting profiler invokation callback for postRenderChat in class net.minecraft.client.gui.GuiIngame
[00:10:05] [main/INFO]: Injecting profiler invokation callback for postRenderChat in class net.minecraft.client.gui.GuiIngame
[00:10:05] [main/INFO]: Injecting profiler invokation callback for postRenderChat in class net.minecraft.client.gui.GuiIngame
[00:10:05] [main/INFO]: Injecting profiler invokation callback for postRenderChat in class net.minecraft.client.gui.GuiIngame
[00:10:06] [main/INFO]: PacketTransformer: Running transformer com.thevoxelbox.common.TimeUpdateTransformer for ih
[00:10:08] [Client thread/INFO]: Injecting method return callback for IntegratedServerCtor in class net.minecraft.server.integrated.IntegratedServer
[00:10:08] [Client thread/INFO]: Injecting event constructchunkfrompacket with 1 handlers in method func_76607_a in class net.minecraft.world.chunk.Chunk
[00:10:08] [Client thread/INFO]: Injecting profiler invokation callback for onRenderHUD in class net.minecraft.client.renderer.EntityRenderer
[00:10:08] [Client thread/INFO]: Injecting profiler invokation callback for preRenderGUI in class net.minecraft.client.renderer.EntityRenderer
[00:10:08] [Client thread/INFO]: Injecting profiler invokation callback for preRenderGUI in class net.minecraft.client.renderer.EntityRenderer
[00:10:08] [Client thread/INFO]: Injecting profiler invokation callback for preRenderGUI in class net.minecraft.client.renderer.EntityRenderer
[00:10:08] [Client thread/INFO]: Injecting profiler invokation callback for onSetupCameraTransform in class net.minecraft.client.renderer.EntityRenderer
[00:10:08] [Client thread/INFO]: Injecting profiler invokation callback for postRender in class net.minecraft.client.renderer.EntityRenderer
[00:10:08] [Client thread/INFO]: Injecting profiler invokation callback for postRenderEntities in class net.minecraft.client.renderer.EntityRenderer
[00:10:08] [Client thread/INFO]: Injecting profiler invokation callback for postRender in class net.minecraft.client.renderer.EntityRenderer
[00:10:09] [Client thread/INFO]: Injecting event renderfbo with 1 handlers in method func_147615_c in class net.minecraft.client.shader.Framebuffer
[00:10:09] [Client thread/INFO]: Generating new Event Handler Proxy Class com.mumfrey.liteloader.core.event.EventProxy
[00:10:09] [Client thread/INFO]: Successfully generated event handler proxy class with 7 handlers(s) and 7 total invokations
[00:10:31] [Client thread/INFO]: JInput Component Registry initialised, found 11 controller(s) 622 component(s)
[00:10:31] [Client thread/INFO]: PacketTransformer: Running transformer com.mumfrey.liteloader.client.transformers.ServerCustomPayloadPacketTransformer for iz
[00:10:31] [Client thread/INFO]: PacketTransformer: Running transformer com.mumfrey.liteloader.client.transformers.CustomPayloadPacketTransformer for gr
[00:10:31] [Client thread/INFO]: LiteLoader begin INIT...
[00:10:31] [Client thread/INFO]: Injecting external mods into class path...
[00:10:31] [Client thread/INFO]: Successfully injected mod file '/home/quentin/.local/share/PolyMC/instances/Steve's Galaxy (Legacy)/.minecraft/mods/MouseTweaks-2.4.4-mc1.7.10-client.jar' into classpath
[00:10:31] [Client thread/INFO]: Injecting external mods into class path...
[00:10:31] [Client thread/INFO]: Discovering mods on class path...
[00:10:31] [Client thread/INFO]: Searching /usr/share/jars/NewLaunch.jar...
[00:10:31] [Client thread/INFO]: Searching /home/quentin/.local/share/PolyMC/libraries/net/java/jinput/jinput/2.0.5/jinput-2.0.5.jar...
[00:10:31] [Client thread/INFO]: Searching /home/quentin/.local/share/PolyMC/libraries/net/java/jutils/jutils/1.0.0/jutils-1.0.0.jar...
[00:10:31] [Client thread/INFO]: Searching /home/quentin/.local/share/PolyMC/libraries/org/lwjgl/lwjgl/lwjgl/2.9.4-nightly-20150209/lwjgl-2.9.4-nightly-20150209.jar...
[00:10:31] [Client thread/INFO]: Searching /home/quentin/.local/share/PolyMC/libraries/org/lwjgl/lwjgl/lwjgl_util/2.9.4-nightly-20150209/lwjgl_util-2.9.4-nightly-20150209.jar...
[00:10:31] [Client thread/INFO]: Searching /home/quentin/.local/share/PolyMC/libraries/com/mojang/netty/1.8.8/netty-1.8.8.jar...
[00:10:31] [Client thread/INFO]: Searching /home/quentin/.local/share/PolyMC/libraries/com/mojang/realms/1.3.5/realms-1.3.5.jar...
[00:10:31] [Client thread/INFO]: Searching /home/quentin/.local/share/PolyMC/libraries/org/apache/commons/commons-compress/1.8.1/commons-compress-1.8.1.jar...
[00:10:31] [Client thread/INFO]: Searching /home/quentin/.local/share/PolyMC/libraries/org/apache/httpcomponents/httpclient/4.3.3/httpclient-4.3.3.jar...
[00:10:31] [Client thread/INFO]: Searching /home/quentin/.local/share/PolyMC/libraries/commons-logging/commons-logging/1.1.3/commons-logging-1.1.3.jar...
[00:10:31] [Client thread/INFO]: Searching /home/quentin/.local/share/PolyMC/libraries/org/apache/httpcomponents/httpcore/4.3.2/httpcore-4.3.2.jar...
[00:10:32] [Client thread/INFO]: Searching /home/quentin/.local/share/PolyMC/libraries/java3d/vecmath/1.3.1/vecmath-1.3.1.jar...
[00:10:32] [Client thread/INFO]: Searching /home/quentin/.local/share/PolyMC/libraries/net/sf/trove4j/trove4j/3.0.3/trove4j-3.0.3.jar...
[00:10:32] [Client thread/INFO]: Searching /home/quentin/.local/share/PolyMC/libraries/com/ibm/icu/icu4j-core-mojang/51.2/icu4j-core-mojang-51.2.jar...
[00:10:32] [Client thread/INFO]: Searching /home/quentin/.local/share/PolyMC/libraries/net/sf/jopt-simple/jopt-simple/4.5/jopt-simple-4.5.jar...
[00:10:32] [Client thread/INFO]: Searching /home/quentin/.local/share/PolyMC/libraries/com/paulscode/codecjorbis/20101023/codecjorbis-20101023.jar...
[00:10:32] [Client thread/INFO]: Searching /home/quentin/.local/share/PolyMC/libraries/com/paulscode/codecwav/20101023/codecwav-20101023.jar...
[00:10:32] [Client thread/INFO]: Searching /home/quentin/.local/share/PolyMC/libraries/com/paulscode/libraryjavasound/20101123/libraryjavasound-20101123.jar...
[00:10:32] [Client thread/INFO]: Searching /home/quentin/.local/share/PolyMC/libraries/com/paulscode/librarylwjglopenal/20100824/librarylwjglopenal-20100824.jar...
[00:10:32] [Client thread/INFO]: Searching /home/quentin/.local/share/PolyMC/libraries/com/paulscode/soundsystem/20120107/soundsystem-20120107.jar...
[00:10:32] [Client thread/INFO]: Searching /home/quentin/.local/share/PolyMC/libraries/io/netty/netty-all/4.0.10.Final/netty-all-4.0.10.Final.jar...
[00:10:32] [Client thread/INFO]: Searching /home/quentin/.local/share/PolyMC/libraries/com/google/guava/guava/16.0/guava-16.0.jar...
[00:10:32] [Client thread/INFO]: Searching /home/quentin/.local/share/PolyMC/libraries/org/apache/commons/commons-lang3/3.2.1/commons-lang3-3.2.1.jar...
[00:10:32] [Client thread/INFO]: Searching /home/quentin/.local/share/PolyMC/libraries/commons-io/commons-io/2.4/commons-io-2.4.jar...
[00:10:32] [Client thread/INFO]: Searching /home/quentin/.local/share/PolyMC/libraries/commons-codec/commons-codec/1.9/commons-codec-1.9.jar...
[00:10:32] [Client thread/INFO]: Searching /home/quentin/.local/share/PolyMC/libraries/com/google/code/gson/gson/2.2.4/gson-2.2.4.jar...
[00:10:32] [Client thread/INFO]: Searching /home/quentin/.local/share/PolyMC/libraries/com/mojang/authlib/1.5.21/authlib-1.5.21.jar...
[00:10:32] [Client thread/INFO]: Searching /home/quentin/.local/share/PolyMC/libraries/org/apache/logging/log4j/log4j-api/2.0-beta9-fixed/log4j-api-2.0-beta9-fixed.jar...
[00:10:32] [Client thread/INFO]: Searching /home/quentin/.local/share/PolyMC/libraries/org/apache/logging/log4j/log4j-core/2.0-beta9-fixed/log4j-core-2.0-beta9-fixed.jar...
[00:10:32] [Client thread/INFO]: Searching /home/quentin/.local/share/PolyMC/libraries/tv/twitch/twitch/5.16/twitch-5.16.jar...
[00:10:32] [Client thread/INFO]: Searching /home/quentin/.local/share/PolyMC/libraries/net/minecraftforge/forge/1.7.10-10.13.3.1384-1.7.10/forge-1.7.10-10.13.3.1384-1.7.10-universal.jar...
[00:10:32] [Client thread/INFO]: Searching /home/quentin/.local/share/PolyMC/libraries/net/minecraft/launchwrapper/1.11/launchwrapper-1.11.jar...
[00:10:32] [Client thread/INFO]: Searching /home/quentin/.local/share/PolyMC/libraries/org/ow2/asm/asm-all/5.0.3/asm-all-5.0.3.jar...
[00:10:32] [Client thread/INFO]: Searching /home/quentin/.local/share/PolyMC/libraries/com/typesafe/akka/akka-actor_2.11/2.3.3/akka-actor_2.11-2.3.3.jar...
[00:10:32] [Client thread/INFO]: Searching /home/quentin/.local/share/PolyMC/libraries/com/typesafe/config/1.2.1/config-1.2.1.jar...
[00:10:32] [Client thread/INFO]: Searching /home/quentin/.local/share/PolyMC/libraries/org/scala-lang/scala-actors-migration_2.11/1.1.0/scala-actors-migration_2.11-1.1.0.jar...
[00:10:32] [Client thread/INFO]: Searching /home/quentin/.local/share/PolyMC/libraries/org/scala-lang/scala-compiler/2.11.1/scala-compiler-2.11.1.jar...
[00:10:32] [Client thread/INFO]: Searching /home/quentin/.local/share/PolyMC/libraries/org/scala-lang/plugins/scala-continuations-library_2.11/1.0.2/scala-continuations-library_2.11-1.0.2.jar...
[00:10:32] [Client thread/INFO]: Searching /home/quentin/.local/share/PolyMC/libraries/org/scala-lang/plugins/scala-continuations-plugin_2.11.1/1.0.2/scala-continuations-plugin_2.11.1-1.0.2.jar...
[00:10:32] [Client thread/INFO]: Searching /home/quentin/.local/share/PolyMC/libraries/org/scala-lang/scala-library/2.11.1/scala-library-2.11.1.jar...
[00:10:32] [Client thread/INFO]: Searching /home/quentin/.local/share/PolyMC/libraries/org/scala-lang/scala-parser-combinators_2.11/1.0.1/scala-parser-combinators_2.11-1.0.1.jar...
[00:10:32] [Client thread/INFO]: Searching /home/quentin/.local/share/PolyMC/libraries/org/scala-lang/scala-reflect/2.11.1/scala-reflect-2.11.1.jar...
[00:10:32] [Client thread/INFO]: Searching /home/quentin/.local/share/PolyMC/libraries/org/scala-lang/scala-swing_2.11/1.0.1/scala-swing_2.11-1.0.1.jar...
[00:10:32] [Client thread/INFO]: Searching /home/quentin/.local/share/PolyMC/libraries/org/scala-lang/scala-xml_2.11/1.0.2/scala-xml_2.11-1.0.2.jar...
[00:10:32] [Client thread/INFO]: Searching /home/quentin/.local/share/PolyMC/libraries/lzma/lzma/0.0.1/lzma-0.0.1.jar...
[00:10:32] [Client thread/INFO]: Searching /home/quentin/.local/share/PolyMC/libraries/com/mojang/minecraft/1.7.10/minecraft-1.7.10-client.jar...
[00:10:32] [Client thread/INFO]: Discovering mods in valid mod files...
[00:10:32] [Client thread/INFO]: Searching /home/quentin/.local/share/PolyMC/instances/Steve's Galaxy (Legacy)/.minecraft/mods/mod_VoxelCam_1.3.2_mc1.7.10-client.litemod...
[00:10:32] [Client thread/INFO]: Found 1 potential matches
[00:10:32] [Client thread/INFO]: Searching /home/quentin/.local/share/PolyMC/instances/Steve's Galaxy (Legacy)/.minecraft/mods/voxelmap-em-1.5.15-client.litemod...
[00:10:32] [Client thread/INFO]: Found 1 potential matches
[00:10:32] [Client thread/INFO]: Searching /home/quentin/.local/share/PolyMC/instances/Steve's Galaxy (Legacy)/.minecraft/mods/MouseTweaks-2.4.4-mc1.7.10-client.jar...
[00:10:32] [Client thread/INFO]: Found 1 potential matches
[00:10:32] [Client thread/INFO]: Searching /home/quentin/.local/share/PolyMC/instances/Steve's Galaxy (Legacy)/.minecraft/mods/lib_voxellib_2.3.1_mc1.7.10-client.litemod...
[00:10:32] [Client thread/INFO]: Found 1 potential matches
[00:10:32] [Client thread/INFO]: Discovering mods in valid mod files...
[00:10:32] [Client thread/INFO]: Mod class discovery completed
[00:10:32] [Client thread/INFO]: LiteLoader begin POSTINIT...
[00:10:32] [Client thread/INFO]: Inhibiting sound handler reload
[00:10:32] [Client thread/INFO]: Registering interface provider com.mumfrey.liteloader.client.ClientEvents for API LiteLoader core API
[00:10:32] [Client thread/INFO]: PacketTransformer: Running transformer com.mumfrey.liteloader.client.transformers.LoginSuccessPacketTransformer for js
[00:10:32] [Client thread/INFO]: PacketTransformer: Running transformer com.mumfrey.liteloader.client.transformers.JoinGamePacketTransformer for hd
[00:10:32] [Client thread/INFO]: PacketTransformer: Running transformer com.mumfrey.liteloader.client.transformers.ServerChatPacketTransformer for ir
[00:10:32] [Client thread/INFO]: PacketTransformer: Running transformer com.mumfrey.liteloader.client.transformers.ChatPacketTransformer for gj
[00:10:32] [Client thread/INFO]: Injecting method return callback for onPlayerLogin in class net.minecraft.server.management.ServerConfigurationManager
[00:10:32] [Client thread/INFO]: Injecting method return callback for onPlayerLogout in class net.minecraft.server.management.ServerConfigurationManager
[00:10:32] [Client thread/INFO]: Injecting method return callback for onSpawnPlayer in class net.minecraft.server.management.ServerConfigurationManager
[00:10:32] [Client thread/INFO]: Injecting method return callback for onRespawnPlayer in class net.minecraft.server.management.ServerConfigurationManager
[00:10:32] [Client thread/INFO]: Registering interface provider com.mumfrey.liteloader.client.ClientPluginChannelsClient for API LiteLoader core API
[00:10:32] [Client thread/INFO]: Registering interface provider com.mumfrey.liteloader.core.ServerPluginChannels for API LiteLoader core API
[00:10:32] [Client thread/INFO]: Discovered 4 total mod(s)
[00:10:32] [Client thread/INFO]: Loading mod from com.thatapplefreak.voxelcam.LiteModVoxelCam
[00:10:32] [Client thread/INFO]: Successfully added mod VoxelCam version 1.3.2
[00:10:32] [Client thread/INFO]: Adding "/home/quentin/.local/share/PolyMC/instances/Steve's Galaxy (Legacy)/.minecraft/mods/mod_VoxelCam_1.3.2_mc1.7.10-client.litemod" to active resource pack set
[00:10:32] [Client thread/INFO]: Setting up "mod_VoxelCam_1.3.2_mc1.7.10-client.litemod" as mod resource pack with identifier "VoxelCam"
[00:10:32] [Client thread/INFO]: Successfully added "/home/quentin/.local/share/PolyMC/instances/Steve's Galaxy (Legacy)/.minecraft/mods/mod_VoxelCam_1.3.2_mc1.7.10-client.litemod" to active resource pack set
[00:10:32] [Client thread/INFO]: Loading mod from com.thevoxelbox.voxelmap.litemod.LiteModVoxelMap
[00:10:32] [Client thread/INFO]: Successfully added mod VoxelMap version 1.5.14
[00:10:32] [Client thread/INFO]: Adding "/home/quentin/.local/share/PolyMC/instances/Steve's Galaxy (Legacy)/.minecraft/mods/voxelmap-em-1.5.15-client.litemod" to active resource pack set
[00:10:32] [Client thread/INFO]: Setting up "voxelmap-em-1.5.15-client.litemod" as mod resource pack with identifier "VoxelMap"
[00:10:32] [Client thread/INFO]: Successfully added "/home/quentin/.local/share/PolyMC/instances/Steve's Galaxy (Legacy)/.minecraft/mods/voxelmap-em-1.5.15-client.litemod" to active resource pack set
[00:10:32] [Client thread/INFO]: Loading mod from yalter.mousetweaks.loaders.LiteModMouseTweaks
[00:10:32] [Client thread/INFO]: Successfully added mod Mouse Tweaks version 2.4.4
[00:10:32] [Client thread/INFO]: Adding "/home/quentin/.local/share/PolyMC/instances/Steve's Galaxy (Legacy)/.minecraft/mods/MouseTweaks-2.4.4-mc1.7.10-client.jar" to active resource pack set
[00:10:32] [Client thread/INFO]: Setting up "MouseTweaks-2.4.4-mc1.7.10-client.jar" as mod resource pack with identifier "Mouse Tweaks"
[00:10:32] [Client thread/INFO]: Successfully added "/home/quentin/.local/share/PolyMC/instances/Steve's Galaxy (Legacy)/.minecraft/mods/MouseTweaks-2.4.4-mc1.7.10-client.jar" to active resource pack set
[00:10:32] [Client thread/INFO]: Loading mod from com.thevoxelbox.common.LiteModVoxelCommon
[00:10:32] [Client thread/INFO]: Successfully added mod VoxelLib version 2.3.1
[00:10:32] [Client thread/INFO]: Adding "/home/quentin/.local/share/PolyMC/instances/Steve's Galaxy (Legacy)/.minecraft/mods/lib_voxellib_2.3.1_mc1.7.10-client.litemod" to active resource pack set
[00:10:32] [Client thread/INFO]: Setting up "lib_voxellib_2.3.1_mc1.7.10-client.litemod" as mod resource pack with identifier "VoxelLib"
[00:10:32] [Client thread/INFO]: Successfully added "/home/quentin/.local/share/PolyMC/instances/Steve's Galaxy (Legacy)/.minecraft/mods/lib_voxellib_2.3.1_mc1.7.10-client.litemod" to active resource pack set
[00:10:32] [Client thread/INFO]: Initialising mod VoxelCam version 1.3.2
[00:10:33] [Client thread/INFO]: VoxelCam> Attempting to load/create the configuration.
[00:10:33] [Client thread/INFO]: VoxelCam> Config file found, loading...
[00:10:33] [Client thread/INFO]: Initialising mod VoxelMap version 1.5.14
[00:10:33] [Client thread/INFO]: Initialising mod Mouse Tweaks version 2.4.4
[00:10:33] [Client thread/INFO]: Initialising mod VoxelLib version 2.3.1
[00:11:04] [Client thread/INFO]: Calling late init for mod null
[00:11:04] [Client thread/INFO]: StatusMessage> Attempting to load/create the configuration.
[00:11:04] [Client thread/INFO]: StatusMessage> Config file found, loading...
[00:11:04] [Client thread/INFO]: Calling late init for mod VoxelMap
[00:11:05] [Client thread/INFO]: Sound handler reload inhibit removed
[00:11:05] [Client thread/INFO]: Reloading sound handler
