[00:10:06] [main/INFO]: Setting user: LodakXaly
[00:10:08] [Client thread/INFO]: LWJGL Version: 2.9.4
[00:10:09] [Client thread/ERROR]: Couldn't initialize twitch stream
[00:10:09] [Client thread/INFO]: Caught error stitching, removing all assigned resourcepacks
java.lang.NullPointerException
	at lumien.resourceloader.ResourceLoader.insertForcedPack(ResourceLoader.java:36) ~[ResourceLoader.class:?]
	at net.minecraft.client.Minecraft.func_110436_a(Minecraft.java:598) [bao.class:?]
	at alexiil.mods.load.MinecraftDisplayer.open(MinecraftDisplayer.java:96) [MinecraftDisplayer.class:?]
	at alexiil.mods.load.MinecraftDisplayerWrapper.displayProgress(MinecraftDisplayerWrapper.java:20) [MinecraftDisplayerWrapper.class:?]
	at alexiil.mods.load.ProgressDisplayer.displayProgress(ProgressDisplayer.java:149) [ProgressDisplayer.class:?]
	at alexiil.mods.load.ProgressDisplayer.minecraftDisplayFirstProgress(ProgressDisplayer.java:172) [ProgressDisplayer.class:?]
	at net.minecraft.client.Minecraft.func_71384_a(Minecraft.java:480) [bao.class:?]
	at net.minecraft.client.Minecraft.func_99999_d(Minecraft.java:867) [bao.class:?]
	at net.minecraft.client.main.Main.main(SourceFile:148) [Main.class:?]
	at sun.reflect.NativeMethodAccessorImpl.invoke0(Native Method) ~[?:1.8.0_372]
	at sun.reflect.NativeMethodAccessorImpl.invoke(NativeMethodAccessorImpl.java:62) ~[?:1.8.0_372]
	at sun.reflect.DelegatingMethodAccessorImpl.invoke(DelegatingMethodAccessorImpl.java:43) ~[?:1.8.0_372]
	at java.lang.reflect.Method.invoke(Method.java:498) ~[?:1.8.0_372]
	at net.minecraft.launchwrapper.Launch.launch(Launch.java:135) [launchwrapper-1.11.jar:?]
	at net.minecraft.launchwrapper.Launch.main(Launch.java:28) [launchwrapper-1.11.jar:?]
	at sun.reflect.NativeMethodAccessorImpl.invoke0(Native Method) ~[?:1.8.0_372]
	at sun.reflect.NativeMethodAccessorImpl.invoke(NativeMethodAccessorImpl.java:62) ~[?:1.8.0_372]
	at sun.reflect.DelegatingMethodAccessorImpl.invoke(DelegatingMethodAccessorImpl.java:43) ~[?:1.8.0_372]
	at java.lang.reflect.Method.invoke(Method.java:498) ~[?:1.8.0_372]
	at org.polymc.impl.OneSixLauncher.invokeMain(OneSixLauncher.java:104) [NewLaunch.jar:?]
	at org.polymc.impl.OneSixLauncher.launchWithMainClass(OneSixLauncher.java:176) [NewLaunch.jar:?]
	at org.polymc.impl.OneSixLauncher.launch(OneSixLauncher.java:186) [NewLaunch.jar:?]
	at org.polymc.EntryPoint.listen(EntryPoint.java:144) [NewLaunch.jar:?]
	at org.polymc.EntryPoint.main(EntryPoint.java:74) [NewLaunch.jar:?]
[00:10:09] [Client thread/INFO]: Reloading ResourceManager: Default, FMLFileResourcePack:Better Loading Screen
[00:10:09] [Client thread/INFO]: Caught error stitching, removing all assigned resourcepacks
java.lang.NullPointerException
	at lumien.resourceloader.ResourceLoader.insertForcedPack(ResourceLoader.java:36) ~[ResourceLoader.class:?]
	at net.minecraft.client.Minecraft.func_110436_a(Minecraft.java:598) [bao.class:?]
	at alexiil.mods.load.MinecraftDisplayer.preDisplayScreen(MinecraftDisplayer.java:242) [MinecraftDisplayer.class:?]
	at alexiil.mods.load.MinecraftDisplayer.displayProgress(MinecraftDisplayer.java:148) [MinecraftDisplayer.class:?]
	at alexiil.mods.load.MinecraftDisplayerWrapper.displayProgress(MinecraftDisplayerWrapper.java:30) [MinecraftDisplayerWrapper.class:?]
	at alexiil.mods.load.ProgressDisplayer.displayProgress(ProgressDisplayer.java:149) [ProgressDisplayer.class:?]
	at alexiil.mods.load.ProgressDisplayer.minecraftDisplayFirstProgress(ProgressDisplayer.java:172) [ProgressDisplayer.class:?]
	at net.minecraft.client.Minecraft.func_71384_a(Minecraft.java:480) [bao.class:?]
	at net.minecraft.client.Minecraft.func_99999_d(Minecraft.java:867) [bao.class:?]
	at net.minecraft.client.main.Main.main(SourceFile:148) [Main.class:?]
	at sun.reflect.NativeMethodAccessorImpl.invoke0(Native Method) ~[?:1.8.0_372]
	at sun.reflect.NativeMethodAccessorImpl.invoke(NativeMethodAccessorImpl.java:62) ~[?:1.8.0_372]
	at sun.reflect.DelegatingMethodAccessorImpl.invoke(DelegatingMethodAccessorImpl.java:43) ~[?:1.8.0_372]
	at java.lang.reflect.Method.invoke(Method.java:498) ~[?:1.8.0_372]
	at net.minecraft.launchwrapper.Launch.launch(Launch.java:135) [launchwrapper-1.11.jar:?]
	at net.minecraft.launchwrapper.Launch.main(Launch.java:28) [launchwrapper-1.11.jar:?]
	at sun.reflect.NativeMethodAccessorImpl.invoke0(Native Method) ~[?:1.8.0_372]
	at sun.reflect.NativeMethodAccessorImpl.invoke(NativeMethodAccessorImpl.java:62) ~[?:1.8.0_372]
	at sun.reflect.DelegatingMethodAccessorImpl.invoke(DelegatingMethodAccessorImpl.java:43) ~[?:1.8.0_372]
	at java.lang.reflect.Method.invoke(Method.java:498) ~[?:1.8.0_372]
	at org.polymc.impl.OneSixLauncher.invokeMain(OneSixLauncher.java:104) [NewLaunch.jar:?]
	at org.polymc.impl.OneSixLauncher.launchWithMainClass(OneSixLauncher.java:176) [NewLaunch.jar:?]
	at org.polymc.impl.OneSixLauncher.launch(OneSixLauncher.java:186) [NewLaunch.jar:?]
	at org.polymc.EntryPoint.listen(EntryPoint.java:144) [NewLaunch.jar:?]
	at org.polymc.EntryPoint.main(EntryPoint.java:74) [NewLaunch.jar:?]
[00:10:09] [Client thread/INFO]: Reloading ResourceManager: Default, FMLFileResourcePack:Better Loading Screen
[00:10:09] [Client thread/INFO]: Caught error stitching, removing all assigned resourcepacks
java.lang.NullPointerException
	at lumien.resourceloader.ResourceLoader.insertForcedPack(ResourceLoader.java:36) ~[ResourceLoader.class:?]
	at net.minecraft.client.Minecraft.func_110436_a(Minecraft.java:598) [bao.class:?]
	at alexiil.mods.load.MinecraftDisplayer.fontRenderer(MinecraftDisplayer.java:168) [MinecraftDisplayer.class:?]
	at alexiil.mods.load.MinecraftDisplayer.drawImageRender(MinecraftDisplayer.java:198) [MinecraftDisplayer.class:?]
	at alexiil.mods.load.MinecraftDisplayer.displayProgress(MinecraftDisplayer.java:152) [MinecraftDisplayer.class:?]
	at alexiil.mods.load.MinecraftDisplayerWrapper.displayProgress(MinecraftDisplayerWrapper.java:30) [MinecraftDisplayerWrapper.class:?]
	at alexiil.mods.load.ProgressDisplayer.displayProgress(ProgressDisplayer.java:149) [ProgressDisplayer.class:?]
	at alexiil.mods.load.ProgressDisplayer.minecraftDisplayFirstProgress(ProgressDisplayer.java:172) [ProgressDisplayer.class:?]
	at net.minecraft.client.Minecraft.func_71384_a(Minecraft.java:480) [bao.class:?]
	at net.minecraft.client.Minecraft.func_99999_d(Minecraft.java:867) [bao.class:?]
	at net.minecraft.client.main.Main.main(SourceFile:148) [Main.class:?]
	at sun.reflect.NativeMethodAccessorImpl.invoke0(Native Method) ~[?:1.8.0_372]
	at sun.reflect.NativeMethodAccessorImpl.invoke(NativeMethodAccessorImpl.java:62) ~[?:1.8.0_372]
	at sun.reflect.DelegatingMethodAccessorImpl.invoke(DelegatingMethodAccessorImpl.java:43) ~[?:1.8.0_372]
	at java.lang.reflect.Method.invoke(Method.java:498) ~[?:1.8.0_372]
	at net.minecraft.launchwrapper.Launch.launch(Launch.java:135) [launchwrapper-1.11.jar:?]
	at net.minecraft.launchwrapper.Launch.main(Launch.java:28) [launchwrapper-1.11.jar:?]
	at sun.reflect.NativeMethodAccessorImpl.invoke0(Native Method) ~[?:1.8.0_372]
	at sun.reflect.NativeMethodAccessorImpl.invoke(NativeMethodAccessorImpl.java:62) ~[?:1.8.0_372]
	at sun.reflect.DelegatingMethodAccessorImpl.invoke(DelegatingMethodAccessorImpl.java:43) ~[?:1.8.0_372]
	at java.lang.reflect.Method.invoke(Method.java:498) ~[?:1.8.0_372]
	at org.polymc.impl.OneSixLauncher.invokeMain(OneSixLauncher.java:104) [NewLaunch.jar:?]
	at org.polymc.impl.OneSixLauncher.launchWithMainClass(OneSixLauncher.java:176) [NewLaunch.jar:?]
	at org.polymc.impl.OneSixLauncher.launch(OneSixLauncher.java:186) [NewLaunch.jar:?]
	at org.polymc.EntryPoint.listen(EntryPoint.java:144) [NewLaunch.jar:?]
	at org.polymc.EntryPoint.main(EntryPoint.java:74) [NewLaunch.jar:?]
[00:10:09] [Client thread/INFO]: Reloading ResourceManager: Default, FMLFileResourcePack:Better Loading Screen
[00:10:18] [Client thread/INFO]: Reloading ResourceManager: Default, FMLFileResourcePack:Better Loading Screen, FMLFileResourcePack:Forge Mod Loader, FMLFileResourcePack:Minecraft Forge, FMLFileResourcePack:Not Enough Items, FMLFileResourcePack:Better Loading Screen, FMLFileResourcePack:Treecapitator, FMLFileResourcePack:Adventure Backpack, FMLFileResourcePack:Another One Bites The Dust, FMLFileResourcePack:Applied Energistics 2, FMLFileResourcePack:Big Reactors, FMLFileResourcePack:ChickenChunks, FMLFileResourcePack:CoFH Core, FMLFileResourcePack:Build Mod, FMLFileResourcePack:CoroPets, FMLFileResourcePack:CoroAI, FMLFileResourcePack:Extended Renderer, FMLFileResourcePack:Extended Mod Config, FMLFileResourcePack:Custom Main Menu, FMLFileResourcePack:DrCyano's Lootable Bodies, FMLFileResourcePack:Default World Generator, FMLFileResourcePack:Ender IO, FMLFileResourcePack:FastCraft, FMLFileResourcePack:Flan's Mod, FMLFileResourcePack:Flat Signs, FMLFileResourcePack:Fossils and Archeology Revival, FMLFileResourcePack:Galacticraft Planets, FMLFileResourcePack:Galacticraft Core, FMLFileResourcePack:iChunUtil, FMLFileResourcePack:IndustrialCraft 2, FMLFileResourcePack:Inventory Tweaks, FMLFileResourcePack:Iron Chest, FMLFileResourcePack:JABBA, FMLFileResourcePack:LanteaCraft, FMLFileResourcePack:LunatriusCore, FMLFileResourcePack:Mantle, FMLFileResourcePack:Mekanism, FMLFileResourcePack:MekanismGenerators, FMLFileResourcePack:MekanismTools, FMLFileResourcePack:Falling Meteors, FMLFileResourcePack:Minechem, FMLFileResourcePack:MineMenu, FMLFileResourcePack:MachineMuse's Modular Powersuits, FMLFileResourcePack:Modular Powersuit Addons, FMLFileResourcePack:Mouse Tweaks, FMLFileResourcePack:Nether Ores, FMLFileResourcePack:NotEnoughKEys, FMLFileResourcePack:Numina, FMLFileResourcePack:ObsidiPlates, FMLFileResourcePack:OpenComputers, FMLFileResourcePack:Open Modular Turrets, FMLFileResourcePack:Ore Dictionary Converter, FMLFileResourcePack:Ping, FMLFileResourcePack:ProjectRed, FMLFileResourcePack:ProjectRed-Compatibility, FMLFileResourcePack:ProjectRed-Integration, FMLFileResourcePack:ProjectRed-Transmission, FMLFileResourcePack:ProjectRed-Illumination, FMLFileResourcePack:ProjectRed-Expansion, FMLFileResourcePack:ProjectRed-Transportation, FMLFileResourcePack:ProjectRed-Exploration, FMLFileResourcePack:Redstone Arsenal, FMLFileResourcePack:Resource Loader, FMLFileResourcePack:Schematica, FMLFileResourcePack:Shatter, FMLFileResourcePack:Simply Jetpacks, FMLFileResourcePack:Stackie, FMLFileResourcePack:Sync, FMLFileResourcePack:TabbyChat, FMLFileResourcePack:Tinkers' Construct, FMLFileResourcePack:Thermal Dynamics, FMLFileResourcePack:Thermal Expansion, FMLFileResourcePack:Thermal Foundation, FMLFileResourcePack:TiC Tooltips, FMLFileResourcePack:Trade Booth Mod, FMLFileResourcePack:Waila, FMLFileResourcePack:The Wasteland Mod, FMLFileResourcePack:weather2, FMLFileResourcePack:WR-CBE Core, FMLFileResourcePack:WR-CBE Addons, FMLFileResourcePack:WR-CBE Logic, FMLFileResourcePack:Zombie Awareness, FMLFileResourcePack:bspkrsCore, FMLFileResourcePack:Forge Microblocks, FMLFileResourcePack:Forge Multipart, FMLFileResourcePack:Minecraft Multipart Plugin, FMLFileResourcePack:MrTJPCore
[00:10:25] [Client thread/INFO]: Reloading ResourceManager: Default, FMLFileResourcePack:Better Loading Screen, FMLFileResourcePack:Forge Mod Loader, FMLFileResourcePack:Minecraft Forge, FMLFileResourcePack:Not Enough Items, FMLFileResourcePack:Better Loading Screen, FMLFileResourcePack:Treecapitator, FMLFileResourcePack:Adventure Backpack, FMLFileResourcePack:Another One Bites The Dust, FMLFileResourcePack:Applied Energistics 2, FMLFileResourcePack:Big Reactors, FMLFileResourcePack:ChickenChunks, FMLFileResourcePack:CoFH Core, FMLFileResourcePack:Build Mod, FMLFileResourcePack:CoroPets, FMLFileResourcePack:CoroAI, FMLFileResourcePack:Extended Renderer, FMLFileResourcePack:Extended Mod Config, FMLFileResourcePack:Custom Main Menu, FMLFileResourcePack:DrCyano's Lootable Bodies, FMLFileResourcePack:Default World Generator, FMLFileResourcePack:Ender IO, FMLFileResourcePack:FastCraft, FMLFileResourcePack:Flan's Mod, FMLFileResourcePack:Flat Signs, FMLFileResourcePack:Fossils and Archeology Revival, FMLFileResourcePack:Galacticraft Planets, FMLFileResourcePack:Galacticraft Core, FMLFileResourcePack:iChunUtil, FMLFileResourcePack:IndustrialCraft 2, FMLFileResourcePack:Inventory Tweaks, FMLFileResourcePack:Iron Chest, FMLFileResourcePack:JABBA, FMLFileResourcePack:LanteaCraft, FMLFileResourcePack:LunatriusCore, FMLFileResourcePack:Mantle, FMLFileResourcePack:Mekanism, FMLFileResourcePack:MekanismGenerators, FMLFileResourcePack:MekanismTools, FMLFileResourcePack:Falling Meteors, FMLFileResourcePack:Minechem, FMLFileResourcePack:MineMenu, FMLFileResourcePack:MachineMuse's Modular Powersuits, FMLFileResourcePack:Modular Powersuit Addons, FMLFileResourcePack:Mouse Tweaks, FMLFileResourcePack:Nether Ores, FMLFileResourcePack:NotEnoughKEys, FMLFileResourcePack:Numina, FMLFileResourcePack:ObsidiPlates, FMLFileResourcePack:OpenComputers, FMLFileResourcePack:Open Modular Turrets, FMLFileResourcePack:Ore Dictionary Converter, FMLFileResourcePack:Ping, FMLFileResourcePack:ProjectRed, FMLFileResourcePack:ProjectRed-Compatibility, FMLFileResourcePack:ProjectRed-Integration, FMLFileResourcePack:ProjectRed-Transmission, FMLFileResourcePack:ProjectRed-Illumination, FMLFileResourcePack:ProjectRed-Expansion, FMLFileResourcePack:ProjectRed-Transportation, FMLFileResourcePack:ProjectRed-Exploration, FMLFileResourcePack:Redstone Arsenal, FMLFileResourcePack:Resource Loader, FMLFileResourcePack:Schematica, FMLFileResourcePack:Shatter, FMLFileResourcePack:Simply Jetpacks, FMLFileResourcePack:Stackie, FMLFileResourcePack:Sync, FMLFileResourcePack:TabbyChat, FMLFileResourcePack:Tinkers' Construct, FMLFileResourcePack:Thermal Dynamics, FMLFileResourcePack:Thermal Expansion, FMLFileResourcePack:Thermal Foundation, FMLFileResourcePack:TiC Tooltips, FMLFileResourcePack:Trade Booth Mod, FMLFileResourcePack:Waila, FMLFileResourcePack:The Wasteland Mod, FMLFileResourcePack:weather2, FMLFileResourcePack:WR-CBE Core, FMLFileResourcePack:WR-CBE Addons, FMLFileResourcePack:WR-CBE Logic, FMLFileResourcePack:Zombie Awareness, FMLFileResourcePack:bspkrsCore, FMLFileResourcePack:Forge Microblocks, FMLFileResourcePack:Forge Multipart, FMLFileResourcePack:Minecraft Multipart Plugin, FMLFileResourcePack:MrTJPCore, FMLFileResourcePack:Flan's Mod : FC Pack V8-1.7.10-4.8.0, FMLFileResourcePack:Flan's Mod : Simple Parts-Content Pack-1.7.10-4.10.0.jar
[00:10:31] [Sound Library Loader/INFO]: Sound engine started
[00:10:36] [Client thread/INFO]: textures/blocks: dropping miplevel from 4 to 3, because of minTexel: 14
[00:10:37] [Client thread/INFO]: Created: 2048x1024 textures/blocks-atlas
[00:10:37] [Client thread/ERROR]: Using missing texture, unable to load flansmod:textures/items/Incomcockpit.png, java.io.FileNotFoundException
[00:10:37] [Client thread/ERROR]: Using missing texture, unable to load flansmod:textures/items/Incomthruster.png, java.io.FileNotFoundException
[00:10:37] [Client thread/ERROR]: Using missing texture, unable to load flansmod:textures/items/hoverunit.png, java.io.FileNotFoundException
[00:10:37] [Client thread/ERROR]: Using missing texture, unable to load flansmod:textures/items/Xwings.png, java.io.FileNotFoundException
[00:10:37] [Client thread/ERROR]: Using missing texture, unable to load flansmod:textures/items/ZeroTitan.png, java.io.FileNotFoundException
[00:10:37] [Client thread/ERROR]: Using missing texture, unable to load flansmod:textures/items/Xtail.png, java.io.FileNotFoundException
[00:10:37] [Client thread/INFO]: Created: 2048x1024 textures/items-atlas
[00:10:57] [Client thread/INFO]: Reloading ResourceManager: Default, FMLFileResourcePack:Better Loading Screen, FMLFileResourcePack:Forge Mod Loader, FMLFileResourcePack:Minecraft Forge, FMLFileResourcePack:Not Enough Items, FMLFileResourcePack:Better Loading Screen, FMLFileResourcePack:Treecapitator, FMLFileResourcePack:Adventure Backpack, FMLFileResourcePack:Another One Bites The Dust, FMLFileResourcePack:Applied Energistics 2, FMLFileResourcePack:Big Reactors, FMLFileResourcePack:ChickenChunks, FMLFileResourcePack:CoFH Core, FMLFileResourcePack:Build Mod, FMLFileResourcePack:CoroPets, FMLFileResourcePack:CoroAI, FMLFileResourcePack:Extended Renderer, FMLFileResourcePack:Extended Mod Config, FMLFileResourcePack:Custom Main Menu, FMLFileResourcePack:DrCyano's Lootable Bodies, FMLFileResourcePack:Default World Generator, FMLFileResourcePack:Ender IO, FMLFileResourcePack:FastCraft, FMLFileResourcePack:Flan's Mod, FMLFileResourcePack:Flat Signs, FMLFileResourcePack:Fossils and Archeology Revival, FMLFileResourcePack:Galacticraft Planets, FMLFileResourcePack:Galacticraft Core, FMLFileResourcePack:iChunUtil, FMLFileResourcePack:IndustrialCraft 2, FMLFileResourcePack:Inventory Tweaks, FMLFileResourcePack:Iron Chest, FMLFileResourcePack:JABBA, FMLFileResourcePack:LanteaCraft, FMLFileResourcePack:LunatriusCore, FMLFileResourcePack:Mantle, FMLFileResourcePack:Mekanism, FMLFileResourcePack:MekanismGenerators, FMLFileResourcePack:MekanismTools, FMLFileResourcePack:Falling Meteors, FMLFileResourcePack:Minechem, FMLFileResourcePack:MineMenu, FMLFileResourcePack:MachineMuse's Modular Powersuits, FMLFileResourcePack:Modular Powersuit Addons, FMLFileResourcePack:Mouse Tweaks, FMLFileResourcePack:Nether Ores, FMLFileResourcePack:NotEnoughKEys, FMLFileResourcePack:Numina, FMLFileResourcePack:ObsidiPlates, FMLFileResourcePack:OpenComputers, FMLFileResourcePack:Open Modular Turrets, FMLFileResourcePack:Ore Dictionary Converter, FMLFileResourcePack:Ping, FMLFileResourcePack:ProjectRed, FMLFileResourcePack:ProjectRed-Compatibility, FMLFileResourcePack:ProjectRed-Integration, FMLFileResourcePack:ProjectRed-Transmission, FMLFileResourcePack:ProjectRed-Illumination, FMLFileResourcePack:ProjectRed-Expansion, FMLFileResourcePack:ProjectRed-Transportation, FMLFileResourcePack:ProjectRed-Exploration, FMLFileResourcePack:Redstone Arsenal, FMLFileResourcePack:Resource Loader, FMLFileResourcePack:Schematica, FMLFileResourcePack:Shatter, FMLFileResourcePack:Simply Jetpacks, FMLFileResourcePack:Stackie, FMLFileResourcePack:Sync, FMLFileResourcePack:TabbyChat, FMLFileResourcePack:Tinkers' Construct, FMLFileResourcePack:Thermal Dynamics, FMLFileResourcePack:Thermal Expansion, FMLFileResourcePack:Thermal Foundation, FMLFileResourcePack:TiC Tooltips, FMLFileResourcePack:Trade Booth Mod, FMLFileResourcePack:Waila, FMLFileResourcePack:The Wasteland Mod, FMLFileResourcePack:weather2, FMLFileResourcePack:WR-CBE Core, FMLFileResourcePack:WR-CBE Addons, FMLFileResourcePack:WR-CBE Logic, FMLFileResourcePack:Zombie Awareness, FMLFileResourcePack:bspkrsCore, FMLFileResourcePack:Forge Microblocks, FMLFileResourcePack:Forge Multipart, FMLFileResourcePack:Minecraft Multipart Plugin, FMLFileResourcePack:MrTJPCore, FMLFileResourcePack:Flan's Mod : FC Pack V8-1.7.10-4.8.0, FMLFileResourcePack:Flan's Mod : Simple Parts-Content Pack-1.7.10-4.10.0.jar, CustomResources, LiteLoader, VoxelCam, VoxelMap, Mouse Tweaks, VoxelLib, CustomOverridingResources
[00:10:59] [Client thread/ERROR]: Using missing texture, unable to load weather2:textures/blocks/WindVane.png, java.io.FileNotFoundException
[00:10:59] [Client thread/ERROR]: Using missing texture, unable to load weather2:textures/blocks/Anemometer.png, java.io.FileNotFoundException
[00:10:59] [Client thread/ERROR]: Using missing texture, unable to load thermalfoundation:textures/blocks/material/DustBlaze.png, java.io.FileNotFoundException
[00:11:00] [Client thread/INFO]: textures/blocks: dropping miplevel from 3 to 1, because of minTexel: 2
[00:11:00] [Client thread/INFO]: Created: 2048x2048 textures/blocks-atlas
[00:11:00] [Client thread/ERROR]: Using missing texture, unable to load flansmod:textures/items/Incomcockpit.png, java.io.FileNotFoundException
[00:11:00] [Client thread/ERROR]: Using missing texture, unable to load flansmod:textures/items/Incomthruster.png, java.io.FileNotFoundException
[00:11:01] [Client thread/ERROR]: Using missing texture, unable to load flansmod:textures/items/hoverunit.png, java.io.FileNotFoundException
[00:11:01] [Client thread/ERROR]: Using missing texture, unable to load flansmod:textures/items/Xwings.png, java.io.FileNotFoundException
[00:11:01] [Client thread/ERROR]: Using missing texture, unable to load flansmod:textures/items/ZeroTitan.png, java.io.FileNotFoundException
[00:11:01] [Client thread/ERROR]: Using missing texture, unable to load flansmod:textures/items/Xtail.png, java.io.FileNotFoundException
[00:11:01] [Client thread/INFO]: Created: 2048x2048 textures/items-atlas
[00:11:01] [Client thread/INFO]: Reloading ResourceManager: Default, FMLFileResourcePack:Forge Mod Loader, FMLFileResourcePack:Minecraft Forge, FMLFileResourcePack:Not Enough Items, FMLFileResourcePack:Better Loading Screen, FMLFileResourcePack:Treecapitator, FMLFileResourcePack:Adventure Backpack, FMLFileResourcePack:Another One Bites The Dust, FMLFileResourcePack:Applied Energistics 2, FMLFileResourcePack:Big Reactors, FMLFileResourcePack:ChickenChunks, FMLFileResourcePack:CoFH Core, FMLFileResourcePack:Build Mod, FMLFileResourcePack:CoroPets, FMLFileResourcePack:CoroAI, FMLFileResourcePack:Extended Renderer, FMLFileResourcePack:Extended Mod Config, FMLFileResourcePack:Custom Main Menu, FMLFileResourcePack:DrCyano's Lootable Bodies, FMLFileResourcePack:Default World Generator, FMLFileResourcePack:Ender IO, FMLFileResourcePack:FastCraft, FMLFileResourcePack:Flan's Mod, FMLFileResourcePack:Flat Signs, FMLFileResourcePack:Fossils and Archeology Revival, FMLFileResourcePack:Galacticraft Planets, FMLFileResourcePack:Galacticraft Core, FMLFileResourcePack:iChunUtil, FMLFileResourcePack:IndustrialCraft 2, FMLFileResourcePack:Inventory Tweaks, FMLFileResourcePack:Iron Chest, FMLFileResourcePack:JABBA, FMLFileResourcePack:LanteaCraft, FMLFileResourcePack:LunatriusCore, FMLFileResourcePack:Mantle, FMLFileResourcePack:Mekanism, FMLFileResourcePack:MekanismGenerators, FMLFileResourcePack:MekanismTools, FMLFileResourcePack:Falling Meteors, FMLFileResourcePack:Minechem, FMLFileResourcePack:MineMenu, FMLFileResourcePack:MachineMuse's Modular Powersuits, FMLFileResourcePack:Modular Powersuit Addons, FMLFileResourcePack:Mouse Tweaks, FMLFileResourcePack:Nether Ores, FMLFileResourcePack:NotEnoughKEys, FMLFileResourcePack:Numina, FMLFileResourcePack:ObsidiPlates, FMLFileResourcePack:OpenComputers, FMLFileResourcePack:Open Modular Turrets, FMLFileResourcePack:Ore Dictionary Converter, FMLFileResourcePack:Ping, FMLFileResourcePack:ProjectRed, FMLFileResourcePack:ProjectRed-Compatibility, FMLFileResourcePack:ProjectRed-Integration, FMLFileResourcePack:ProjectRed-Transmission, FMLFileResourcePack:ProjectRed-Illumination, FMLFileResourcePack:ProjectRed-Expansion, FMLFileResourcePack:ProjectRed-Transportation, FMLFileResourcePack:ProjectRed-Exploration, FMLFileResourcePack:Redstone Arsenal, FMLFileResourcePack:Resource Loader, FMLFileResourcePack:Schematica, FMLFileResourcePack:Shatter, FMLFileResourcePack:Simply Jetpacks, FMLFileResourcePack:Stackie, FMLFileResourcePack:Sync, FMLFileResourcePack:TabbyChat, FMLFileResourcePack:Tinkers' Construct, FMLFileResourcePack:Thermal Dynamics, FMLFileResourcePack:Thermal Expansion, FMLFileResourcePack:Thermal Foundation, FMLFileResourcePack:TiC Tooltips, FMLFileResourcePack:Trade Booth Mod, FMLFileResourcePack:Waila, FMLFileResourcePack:The Wasteland Mod, FMLFileResourcePack:weather2, FMLFileResourcePack:WR-CBE Core, FMLFileResourcePack:WR-CBE Addons, FMLFileResourcePack:WR-CBE Logic, FMLFileResourcePack:Zombie Awareness, FMLFileResourcePack:bspkrsCore, FMLFileResourcePack:Forge Microblocks, FMLFileResourcePack:Forge Multipart, FMLFileResourcePack:Minecraft Multipart Plugin, FMLFileResourcePack:MrTJPCore, FMLFileResourcePack:Flan's Mod : FC Pack V8-1.7.10-4.8.0, FMLFileResourcePack:Flan's Mod : Simple Parts-Content Pack-1.7.10-4.10.0.jar, CustomResources, LiteLoader, VoxelCam, VoxelMap, Mouse Tweaks, VoxelLib, CustomOverridingResources
[00:11:03] [Client thread/ERROR]: Using missing texture, unable to load weather2:textures/blocks/WindVane.png, java.io.FileNotFoundException
[00:11:03] [Client thread/ERROR]: Using missing texture, unable to load weather2:textures/blocks/Anemometer.png, java.io.FileNotFoundException
[00:11:03] [Client thread/ERROR]: Using missing texture, unable to load thermalfoundation:textures/blocks/material/DustBlaze.png, java.io.FileNotFoundException
[00:11:03] [Client thread/INFO]: Created: 2048x2048 textures/blocks-atlas
[00:11:04] [Client thread/ERROR]: Using missing texture, unable to load flansmod:textures/items/Incomcockpit.png, java.io.FileNotFoundException
[00:11:04] [Client thread/ERROR]: Using missing texture, unable to load flansmod:textures/items/Incomthruster.png, java.io.FileNotFoundException
[00:11:04] [Client thread/ERROR]: Using missing texture, unable to load flansmod:textures/items/hoverunit.png, java.io.FileNotFoundException
[00:11:04] [Client thread/ERROR]: Using missing texture, unable to load flansmod:textures/items/Xwings.png, java.io.FileNotFoundException
[00:11:04] [Client thread/ERROR]: Using missing texture, unable to load flansmod:textures/items/ZeroTitan.png, java.io.FileNotFoundException
[00:11:04] [Client thread/ERROR]: Using missing texture, unable to load flansmod:textures/items/Xtail.png, java.io.FileNotFoundException
[00:11:04] [Client thread/INFO]: Created: 2048x2048 textures/items-atlas
[00:11:06] [Sound Library Loader/INFO]: Sound engine started
